Start auto log messages stack - Iteration 1.	[MsgId: MMSG-10545]
Action.c(41): web_add_header("Sec-Mesh-Client-WebView") was successful  	[MsgId: MMSG-26392]
Action.c(44): web_custom_request("msa") started  	[MsgId: MMSG-26355]
Action.c(44): web_custom_request("msa") was successful, 1672 body bytes, 345 header bytes  	[MsgId: MMSG-26386]
Action.c(65): web_add_header("X-AFS-CV") started  	[MsgId: MMSG-26355]
Action.c(65): web_add_header("X-AFS-CV") was successful  	[MsgId: MMSG-26392]
Action.c(68): web_add_header("X-AFS-ClientInfo") started  	[MsgId: MMSG-26355]
Action.c(68): web_add_header("X-AFS-ClientInfo") was successful  	[MsgId: MMSG-26392]
Action.c(71): web_url("homeCloud") started  	[MsgId: MMSG-26355]
Action.c(71): Error -26547: Authentication required, please use "web_set_user", e.g. web_set_user("domain\\user", "password", "host:port");  	[MsgId: MERR-26547]
Action.c(71): Error -26630: HTTP Status-Code=401 (Unauthorized) for "https://edge.activity.windows.com/v2/feeds/me/settings/homeCloud"  	[MsgId: MERR-26630]
End auto log messages stack.	[MsgId: MMSG-10544]


Start auto log messages stack - Iteration 2.	[MsgId: MMSG-10545]
Action.c(41): web_add_header("Sec-Mesh-Client-WebView") was successful  	[MsgId: MMSG-26392]
Action.c(44): web_custom_request("msa") started  	[MsgId: MMSG-26355]
Action.c(44): web_custom_request("msa") was successful, 1672 body bytes, 345 header bytes  	[MsgId: MMSG-26386]
Action.c(65): web_add_header("X-AFS-CV") started  	[MsgId: MMSG-26355]
Action.c(65): web_add_header("X-AFS-CV") was successful  	[MsgId: MMSG-26392]
Action.c(68): web_add_header("X-AFS-ClientInfo") started  	[MsgId: MMSG-26355]
Action.c(68): web_add_header("X-AFS-ClientInfo") was successful  	[MsgId: MMSG-26392]
Action.c(71): web_url("homeCloud") started  	[MsgId: MMSG-26355]
Action.c(71): Error -26547: Authentication required, please use "web_set_user", e.g. web_set_user("domain\\user", "password", "host:port");  	[MsgId: MERR-26547]
Action.c(71): Error -26630: HTTP Status-Code=401 (Unauthorized) for "https://edge.activity.windows.com/v2/feeds/me/settings/homeCloud"  	[MsgId: MERR-26630]
End auto log messages stack.	[MsgId: MMSG-10544]


Start auto log messages stack - Iteration 3.	[MsgId: MMSG-10545]
Action.c(41): web_add_header("Sec-Mesh-Client-WebView") was successful  	[MsgId: MMSG-26392]
Action.c(44): web_custom_request("msa") started  	[MsgId: MMSG-26355]
Action.c(44): web_custom_request("msa") was successful, 1672 body bytes, 345 header bytes  	[MsgId: MMSG-26386]
Action.c(65): web_add_header("X-AFS-CV") started  	[MsgId: MMSG-26355]
Action.c(65): web_add_header("X-AFS-CV") was successful  	[MsgId: MMSG-26392]
Action.c(68): web_add_header("X-AFS-ClientInfo") started  	[MsgId: MMSG-26355]
Action.c(68): web_add_header("X-AFS-ClientInfo") was successful  	[MsgId: MMSG-26392]
Action.c(71): web_url("homeCloud") started  	[MsgId: MMSG-26355]
Action.c(71): Error -26547: Authentication required, please use "web_set_user", e.g. web_set_user("domain\\user", "password", "host:port");  	[MsgId: MERR-26547]
Action.c(71): Error -26630: HTTP Status-Code=401 (Unauthorized) for "https://edge.activity.windows.com/v2/feeds/me/settings/homeCloud"  	[MsgId: MERR-26630]
End auto log messages stack.	[MsgId: MMSG-10544]


Start auto log messages stack - Iteration 1.	[MsgId: MMSG-10545]
Action.c(41): web_add_header("Sec-Mesh-Client-WebView") was successful  	[MsgId: MMSG-26392]
Action.c(44): web_custom_request("msa") started  	[MsgId: MMSG-26355]
Action.c(44): web_custom_request("msa") was successful, 1672 body bytes, 345 header bytes  	[MsgId: MMSG-26386]
Action.c(65): web_add_header("X-AFS-CV") started  	[MsgId: MMSG-26355]
Action.c(65): web_add_header("X-AFS-CV") was successful  	[MsgId: MMSG-26392]
Action.c(68): web_add_header("X-AFS-ClientInfo") started  	[MsgId: MMSG-26355]
Action.c(68): web_add_header("X-AFS-ClientInfo") was successful  	[MsgId: MMSG-26392]
Action.c(71): web_url("homeCloud") started  	[MsgId: MMSG-26355]
Action.c(71): Error -26547: Authentication required, please use "web_set_user", e.g. web_set_user("domain\\user", "password", "host:port");  	[MsgId: MERR-26547]
Action.c(71): Error -26630: HTTP Status-Code=401 (Unauthorized) for "https://edge.activity.windows.com/v2/feeds/me/settings/homeCloud"  	[MsgId: MERR-26630]
End auto log messages stack.	[MsgId: MMSG-10544]


Start auto log messages stack - Iteration 2.	[MsgId: MMSG-10545]
Action.c(41): web_add_header("Sec-Mesh-Client-WebView") was successful  	[MsgId: MMSG-26392]
Action.c(44): web_custom_request("msa") started  	[MsgId: MMSG-26355]
Action.c(44): web_custom_request("msa") was successful, 1672 body bytes, 345 header bytes  	[MsgId: MMSG-26386]
Action.c(65): web_add_header("X-AFS-CV") started  	[MsgId: MMSG-26355]
Action.c(65): web_add_header("X-AFS-CV") was successful  	[MsgId: MMSG-26392]
Action.c(68): web_add_header("X-AFS-ClientInfo") started  	[MsgId: MMSG-26355]
Action.c(68): web_add_header("X-AFS-ClientInfo") was successful  	[MsgId: MMSG-26392]
Action.c(71): web_url("homeCloud") started  	[MsgId: MMSG-26355]
Action.c(71): Error -26547: Authentication required, please use "web_set_user", e.g. web_set_user("domain\\user", "password", "host:port");  	[MsgId: MERR-26547]
Action.c(71): Error -26630: HTTP Status-Code=401 (Unauthorized) for "https://edge.activity.windows.com/v2/feeds/me/settings/homeCloud"  	[MsgId: MERR-26630]
End auto log messages stack.	[MsgId: MMSG-10544]


Start auto log messages stack - Iteration 3.	[MsgId: MMSG-10545]
Action.c(41): web_add_header("Sec-Mesh-Client-WebView") was successful  	[MsgId: MMSG-26392]
Action.c(44): web_custom_request("msa") started  	[MsgId: MMSG-26355]
Action.c(44): web_custom_request("msa") was successful, 1672 body bytes, 345 header bytes  	[MsgId: MMSG-26386]
Action.c(65): web_add_header("X-AFS-CV") started  	[MsgId: MMSG-26355]
Action.c(65): web_add_header("X-AFS-CV") was successful  	[MsgId: MMSG-26392]
Action.c(68): web_add_header("X-AFS-ClientInfo") started  	[MsgId: MMSG-26355]
Action.c(68): web_add_header("X-AFS-ClientInfo") was successful  	[MsgId: MMSG-26392]
Action.c(71): web_url("homeCloud") started  	[MsgId: MMSG-26355]
Action.c(71): Error -26547: Authentication required, please use "web_set_user", e.g. web_set_user("domain\\user", "password", "host:port");  	[MsgId: MERR-26547]
Action.c(71): Error -26630: HTTP Status-Code=401 (Unauthorized) for "https://edge.activity.windows.com/v2/feeds/me/settings/homeCloud"  	[MsgId: MERR-26630]
End auto log messages stack.	[MsgId: MMSG-10544]


